<?xml version="1.0" encoding="UTF-8"?>
<testng-results skipped="0" failed="0" ignored="0" total="1" passed="1">
  <reporter-output>
  </reporter-output>
  <suite name="Default suite" duration-ms="9681" started-at="2019-07-25T23:45:56Z" finished-at="2019-07-25T23:46:06Z">
    <groups>
    </groups>
    <test name="Default test" duration-ms="9681" started-at="2019-07-25T23:45:56Z" finished-at="2019-07-25T23:46:06Z">
      <class name="selenium.LoginTest">
        <test-method status="PASS" signature="setup()[pri:0, instance:selenium.LoginTest@3c0ecd4b]" name="setup" is-config="true" duration-ms="8679" started-at="2019-07-25T23:45:56Z" finished-at="2019-07-25T23:46:05Z">
          <reporter-output>
          </reporter-output>
        </test-method> <!-- setup -->
        <test-method status="PASS" signature="confirmHomePage()[pri:0, instance:selenium.LoginTest@3c0ecd4b]" name="confirmHomePage" duration-ms="87" started-at="2019-07-25T23:46:05Z" finished-at="2019-07-25T23:46:05Z">
          <reporter-output>
          </reporter-output>
        </test-method> <!-- confirmHomePage -->
        <test-method status="PASS" signature="teardown()[pri:0, instance:selenium.LoginTest@3c0ecd4b]" name="teardown" is-config="true" duration-ms="862" started-at="2019-07-25T23:46:05Z" finished-at="2019-07-25T23:46:06Z">
          <reporter-output>
          </reporter-output>
        </test-method> <!-- teardown -->
      </class> <!-- selenium.LoginTest -->
    </test> <!-- Default test -->
  </suite> <!-- Default suite -->
</testng-results>
